================================================================
Manual Review Queue v1 — local verification
Date:      Sun May 10 21:04:20 PDT 2026
PWD:       /Users/sergiikuropiatnyk/work/uscis-helper
Node:      v25.9.0
pnpm:      10.33.2
git HEAD:  bc982c18bfc079985710f793eca269e0f27ef321
git branch:main
================================================================


----------------------------------------------------------------
>>> pnpm install (repair node_modules)
----------------------------------------------------------------
$ pnpm install
Scope: all 5 workspace projects
Lockfile is up to date, resolution step is skipped
Already up to date

╭ Warning ─────────────────────────────────────────────────────────────────────╮
│                                                                              │
│   Ignored build scripts: @parcel/watcher@2.5.6, @swc/core@1.15.32,           │
│   esbuild@0.27.7, tesseract.js@7.0.0.                                        │
│   Run "pnpm approve-builds" to pick which dependencies should be allowed     │
│   to run scripts.                                                            │
│                                                                              │
╰──────────────────────────────────────────────────────────────────────────────╯
Done in 341ms using pnpm v10.33.2

----------------------------------------------------------------
>>> pnpm --filter web typecheck
----------------------------------------------------------------
$ pnpm --filter web typecheck

> web@0.1.0 typecheck /Users/sergiikuropiatnyk/work/uscis-helper/apps/web
> tsc --noEmit


----------------------------------------------------------------
>>> pnpm --filter web run guard:content
----------------------------------------------------------------
$ pnpm --filter web run guard:content

> web@0.1.0 guard:content /Users/sergiikuropiatnyk/work/uscis-helper/apps/web
> bash scripts/check-content-guards.sh


╔══════════════════════════════════════════════════════╗
║   Messenginfo Content & Brand Guard                  ║
╚══════════════════════════════════════════════════════╝

▶ Rule 1 — No 'translator certification statement'
  ✅  translator certification statement — CLEAN

▶ Rule 2 — No 'USCIS-certified'
  ✅  USCIS-certified — CLEAN

▶ Rule 3 — No 'we certify' (case-insensitive)
  ✅  we certify — CLEAN

▶ Rule 4 — No 'certified translation' as product claim
  ✅  certified translation (product claim) — CLEAN

▶ Rule 5 — No 'Standalone translator certification'
  ✅  Standalone translator certification — CLEAN

▶ Rule 6 — No old banner 'translator certification is not included in this step'
  ✅  translator certification is not included — CLEAN

▶ Rule 7 — No 'Translator Certification Statement' in UI strings
  ✅  Translator Certification Statement (UI string) — CLEAN

▶ Rule 8 — No UPL / legal-advice phrases in UI
  ✅  UPL clean: USCIS requires you — CLEAN
  ✅  UPL clean: USCIS will accept — CLEAN
  ✅  UPL clean: USCIS will reject — CLEAN
  ✅  UPL clean: guaranteed acceptance — CLEAN
  ✅  UPL clean: will cause denial — CLEAN
  ✅  UPL clean: will cause RFE — CLEAN
  ✅  UPL clean: RFE will — CLEAN
  ✅  UPL clean: legal advice — CLEAN
  ✅  UPL clean: must file — CLEAN
  ✅  UPL clean: case strategy — CLEAN
  ✅  UPL clean: This guarantees acceptance — CLEAN
  ✅  UPL clean: This is legally sufficient — CLEAN

▶ Rule 9 — No forbidden PDF phrases in renderer/packet
  ✅  PDF clean: CERTIFIED COPY — CLEAN
  ✅  PDF clean: Translator Note — CLEAN
  ✅  PDF clean: internal QA — CLEAN
  ✅  PDF clean: ocr_id — CLEAN
  ✅  PDF clean: source trace — CLEAN

══════════════════════════════════════════════════════
  ✅  ALL CONTENT GUARDS PASSED — 0 violations
══════════════════════════════════════════════════════


----------------------------------------------------------------
>>> pnpm --filter web test
----------------------------------------------------------------
$ pnpm --filter web test

> web@0.1.0 test /Users/sergiikuropiatnyk/work/uscis-helper/apps/web
> vitest run


[1m[30m[46m RUN [49m[39m[22m [36mv4.1.5 [39m[90m/Users/sergiikuropiatnyk/work/uscis-helper/apps/web[39m

 [32m✓[39m src/lib/translation/modules/__tests__/birthCertificate.module.test.ts [2m([22m[2m78 tests[22m[2m)[22m[32m 11[2mms[22m[39m
 [32m✓[39m src/lib/translation/templates/__tests__/birthCertificate.template.test.ts [2m([22m[2m25 tests[22m[2m)[22m[32m 17[2mms[22m[39m
 [32m✓[39m src/lib/translation/modules/__tests__/moduleRegistry.test.ts [2m([22m[2m51 tests[22m[2m)[22m[32m 5[2mms[22m[39m
 [32m✓[39m src/lib/translation/__tests__/ocr-accuracy.test.ts [2m([22m[2m92 tests[22m[2m)[22m[32m 12[2mms[22m[39m
 [32m✓[39m src/lib/translation/modules/__tests__/classifier.test.ts [2m([22m[2m80 tests[22m[2m)[22m[32m 7[2mms[22m[39m
 [32m✓[39m src/components/services/translation/__tests__/wizardScopeAndDeadCode.test.ts [2m([22m[2m41 tests[22m[2m)[22m[32m 9[2mms[22m[39m
 [32m✓[39m src/lib/translation/modules/__tests__/identityModules.test.ts [2m([22m[2m81 tests[22m[2m)[22m[32m 10[2mms[22m[39m
 [32m✓[39m src/lib/translation/__tests__/v5StandardLayer.test.ts [2m([22m[2m43 tests[22m[2m)[22m[32m 21[2mms[22m[39m
 [32m✓[39m src/lib/translation/modules/__tests__/manualReview.module.test.ts [2m([22m[2m33 tests[22m[2m)[22m[32m 3[2mms[22m[39m
 [32m✓[39m src/lib/translation/modules/__tests__/divorceCertificate.module.test.ts [2m([22m[2m57 tests[22m[2m)[22m[32m 9[2mms[22m[39m
 [32m✓[39m src/lib/translation/modules/__tests__/marriageCertificate.module.test.ts [2m([22m[2m62 tests[22m[2m)[22m[32m 12[2mms[22m[39m
 [32m✓[39m src/lib/translation/validators/__tests__/birthCertificateValidators.test.ts [2m([22m[2m43 tests[22m[2m)[22m[32m 9[2mms[22m[39m
 [32m✓[39m src/lib/translation/validators/__tests__/divorceCertificateValidators.test.ts [2m([22m[2m81 tests[22m[2m)[22m[32m 10[2mms[22m[39m
 [32m✓[39m src/lib/translation/validators/__tests__/marriageCertificateValidators.test.ts [2m([22m[2m42 tests[22m[2m)[22m[32m 17[2mms[22m[39m
 [32m✓[39m src/lib/translation/templates/__tests__/internationalPassport.template.test.ts [2m([22m[2m43 tests[22m[2m)[22m[32m 24[2mms[22m[39m
 [32m✓[39m src/lib/translation/manualReview/__tests__/useManualReviewStatus.test.ts [2m([22m[2m19 tests[22m[2m)[22m[32m 11[2mms[22m[39m
 [32m✓[39m src/lib/translation/templates/__tests__/ukrainianIdCard.template.test.ts [2m([22m[2m54 tests[22m[2m)[22m[32m 8[2mms[22m[39m
 [32m✓[39m src/lib/translation/__tests__/pilot-validation.test.ts [2m([22m[2m95 tests[22m[2m)[22m[32m 10[2mms[22m[39m
 [32m✓[39m src/lib/translation/validators/__tests__/internationalPassportValidators.test.ts [2m([22m[2m49 tests[22m[2m)[22m[32m 11[2mms[22m[39m
 [32m✓[39m src/lib/translation/modules/__tests__/passportBooklet.module.test.ts [2m([22m[2m56 tests[22m[2m)[22m[32m 12[2mms[22m[39m
 [32m✓[39m src/lib/translation/__tests__/v5RemainingPlanItems.test.ts [2m([22m[2m26 tests[22m[2m)[22m[32m 11[2mms[22m[39m
 [32m✓[39m src/lib/translation/__tests__/passportBookletContract.test.ts [2m([22m[2m101 tests[22m[2m)[22m[32m 10[2mms[22m[39m
[90mstderr[2m | src/lib/translation/manualReview/__tests__/integrations.test.ts[2m > [22m[2mgetOpenManualReviewForSession[2m > [22m[2mreturns open=false on DB error (fail-open by design)
[22m[39m[manualReview/integrations] open-ticket query failed: boom

 [32m✓[39m src/lib/translation/manualReview/__tests__/integrations.test.ts [2m([22m[2m18 tests[22m[2m)[22m[32m 12[2mms[22m[39m
 [32m✓[39m src/lib/translation/__tests__/review-flow.test.ts [2m([22m[2m69 tests[22m[2m)[22m[32m 16[2mms[22m[39m
 [32m✓[39m src/lib/translation/identity/__tests__/mrzParser.test.ts [2m([22m[2m72 tests[22m[2m)[22m[32m 11[2mms[22m[39m
 [32m✓[39m src/lib/translation/manualReview/__tests__/safeMetadata.test.ts [2m([22m[2m26 tests[22m[2m)[22m[32m 7[2mms[22m[39m
 [32m✓[39m src/lib/translation/templates/__tests__/divorceCertificate.template.test.ts [2m([22m[2m42 tests[22m[2m)[22m[32m 8[2mms[22m[39m
 [32m✓[39m src/lib/translation/templates/__tests__/marriageCertificate.template.test.ts [2m([22m[2m35 tests[22m[2m)[22m[32m 6[2mms[22m[39m
 [32m✓[39m src/lib/translation/validators/__tests__/ukrainianIdCardValidators.test.ts [2m([22m[2m45 tests[22m[2m)[22m[32m 12[2mms[22m[39m
 [32m✓[39m src/lib/translation/identity/__tests__/packetIdentityAnchor.test.ts [2m([22m[2m43 tests[22m[2m)[22m[32m 10[2mms[22m[39m
 [32m✓[39m src/lib/translation/__tests__/vertical-slice.test.ts [2m([22m[2m36 tests[22m[2m)[22m[32m 12[2mms[22m[39m
 [32m✓[39m src/lib/tps/modules/__tests__/passport.test.ts [2m([22m[2m5 tests[22m[2m)[22m[32m 8[2mms[22m[39m
 [32m✓[39m src/lib/translation/__tests__/glossary.test.ts [2m([22m[2m33 tests[22m[2m)[22m[32m 8[2mms[22m[39m
 [32m✓[39m src/lib/translation/manualReview/__tests__/router.test.ts [2m([22m[2m19 tests[22m[2m)[22m[32m 5[2mms[22m[39m
 [32m✓[39m src/lib/security/__tests__/validation.test.ts [2m([22m[2m14 tests[22m[2m)[22m[32m 3[2mms[22m[39m
 [32m✓[39m src/lib/translation/manualReview/__tests__/types.test.ts [2m([22m[2m28 tests[22m[2m)[22m[32m 3[2mms[22m[39m
 [32m✓[39m src/contexts/__tests__/wizardContext.multiService.test.ts [2m([22m[2m10 tests[22m[2m)[22m[32m 3[2mms[22m[39m
 [32m✓[39m src/lib/tps/__tests__/packetBuilder.test.ts [2m([22m[2m6 tests[22m[2m)[22m[33m 4138[2mms[22m[39m
     [33m[2m✓[22m[39m produces a ZIP with I-821.pdf, I-765.pdf, README.txt and applies fields without skips [33m 1031[2mms[22m[39m
     [33m[2m✓[22m[39m preserves the official USCIS edition stamps inside the rendered PDFs [33m 953[2mms[22m[39m
     [33m[2m✓[22m[39m writes the applicant identity into both PDFs (proves the field map wired correctly) [33m 907[2mms[22m[39m
     [33m[2m✓[22m[39m handles re-registration path with EAD category C19 [33m 697[2mms[22m[39m
     [33m[2m✓[22m[39m skips I-765 entirely when wants_ead is false [33m 546[2mms[22m[39m

[2m Test Files [22m [1m[32m38 passed[39m[22m[90m (38)[39m
[2m      Tests [22m [1m[32m1753 passed[39m[22m[90m (1753)[39m
[2m   Start at [22m 21:04:24
[2m   Duration [22m 4.52s[2m (transform 1.46s, setup 0ms, import 2.35s, tests 4.51s, environment 3ms)[22m


----------------------------------------------------------------
>>> pnpm build
----------------------------------------------------------------
$ pnpm build

> uscis-helper@ build /Users/sergiikuropiatnyk/work/uscis-helper
> pnpm -r build

Scope: 4 of 5 workspace projects
apps/web build$ next build
apps/web build:    ▲ Next.js 15.5.15
apps/web build:    - Environments: .env.local
apps/web build:    Creating an optimized production build ...
apps/web build:  ⚠ Compiled with warnings in 3.9s
apps/web build: ../../node_modules/.pnpm/@opentelemetry+instrumentation@0.212.0_@opentelemetry+api@1.9.1/node_modules/@opentelemetry/instrumentation/build/esm/platform/node/instrumentation.js
apps/web build: Critical dependency: the request of a dependency is an expression
apps/web build: Import trace for requested module:
apps/web build: ../../node_modules/.pnpm/@opentelemetry+instrumentation@0.212.0_@opentelemetry+api@1.9.1/node_modules/@opentelemetry/instrumentation/build/esm/platform/node/instrumentation.js
apps/web build: ../../node_modules/.pnpm/@opentelemetry+instrumentation@0.212.0_@opentelemetry+api@1.9.1/node_modules/@opentelemetry/instrumentation/build/esm/platform/node/index.js
apps/web build: ../../node_modules/.pnpm/@opentelemetry+instrumentation@0.212.0_@opentelemetry+api@1.9.1/node_modules/@opentelemetry/instrumentation/build/esm/platform/index.js
apps/web build: ../../node_modules/.pnpm/@opentelemetry+instrumentation@0.212.0_@opentelemetry+api@1.9.1/node_modules/@opentelemetry/instrumentation/build/esm/index.js
apps/web build: ../../node_modules/.pnpm/@fastify+otel@0.18.0_@opentelemetry+api@1.9.1/node_modules/@fastify/otel/index.js
apps/web build: ../../node_modules/.pnpm/@sentry+node@10.51.0/node_modules/@sentry/node/build/cjs/integrations/tracing/fastify/index.js
apps/web build: ../../node_modules/.pnpm/@sentry+node@10.51.0/node_modules/@sentry/node/build/cjs/index.js
apps/web build: ../../node_modules/.pnpm/@sentry+nextjs@10.51.0_@opentelemetry+core@2.7.1_@opentelemetry+api@1.9.1__@opentelemet_c8ceb67b7cedef8d65dffef1396f2282/node_modules/@sentry/nextjs/build/cjs/index.server.js
apps/web build: ./src/app/global-error.tsx
apps/web build:    Linting and checking validity of types ...
apps/web build:    Collecting page data ...
apps/web build: (node:90879) Warning: `--localstorage-file` was provided without a valid path
apps/web build: (Use `node --trace-warnings ...` to show where the warning was created)
apps/web build:    Generating static pages (0/166) ...
apps/web build:    Generating static pages (41/166) 
apps/web build:    Generating static pages (82/166) 
apps/web build:    Generating static pages (124/166) 
apps/web build: (node:90880) Warning: `--localstorage-file` was provided without a valid path
apps/web build: (Use `node --trace-warnings ...` to show where the warning was created)
apps/web build:  ✓ Generating static pages (166/166)
apps/web build:    Finalizing page optimization ...
apps/web build:    Collecting build traces ...
apps/web build: Route (app)                                                              Size  First Load JS
apps/web build: ┌ ○ /                                                                   250 B         102 kB
apps/web build: ├ ○ /_not-found                                                         250 B         102 kB
apps/web build: ├ ● /[locale]                                                         6.02 kB         138 kB
apps/web build: ├   ├ /en
apps/web build: ├   ├ /ru
apps/web build: ├   ├ /uk
apps/web build: ├   └ /es
apps/web build: ├ ● /[locale]/about                                                     275 B         114 kB
apps/web build: ├   ├ /en/about
apps/web build: ├   ├ /ru/about
apps/web build: ├   ├ /uk/about
apps/web build: ├   └ /es/about
apps/web build: ├ ● /[locale]/contact                                                 2.73 kB         129 kB
apps/web build: ├   ├ /en/contact
apps/web build: ├   ├ /ru/contact
apps/web build: ├   ├ /uk/contact
apps/web build: ├   └ /es/contact
apps/web build: ├ ● /[locale]/disclaimer                                                196 B         106 kB
apps/web build: ├   ├ /en/disclaimer
apps/web build: ├   ├ /ru/disclaimer
apps/web build: ├   ├ /uk/disclaimer
apps/web build: ├   └ /es/disclaimer
apps/web build: ├ ● /[locale]/faq                                                       188 B         123 kB
apps/web build: ├   ├ /en/faq
apps/web build: ├   ├ /ru/faq
apps/web build: ├   ├ /uk/faq
apps/web build: ├   └ /es/faq
apps/web build: ├ ● /[locale]/pricing                                                   196 B         106 kB
apps/web build: ├   ├ /en/pricing
apps/web build: ├   ├ /ru/pricing
apps/web build: ├   ├ /uk/pricing
apps/web build: ├   └ /es/pricing
apps/web build: ├ ● /[locale]/privacy                                                   196 B         106 kB
apps/web build: ├   ├ /en/privacy
apps/web build: ├   ├ /ru/privacy
apps/web build: ├   ├ /uk/privacy
apps/web build: ├   └ /es/privacy
apps/web build: ├ ● /[locale]/services                                                  187 B         123 kB
apps/web build: ├   ├ /en/services
apps/web build: ├   ├ /ru/services
apps/web build: ├   ├ /uk/services
apps/web build: ├   └ /es/services
apps/web build: ├ ● /[locale]/services/[slug]                                         1.12 kB         124 kB
apps/web build: ├   ├ /en/services/parole-expires-soon
apps/web build: ├   ├ /en/services/re-parole-u4u
apps/web build: ├   ├ /en/services/tps-ukraine
apps/web build: ├   └ [+45 more paths]
apps/web build: ├ ƒ /[locale]/services/[slug]/wizard                                    122 B         149 kB
apps/web build: ├ ● /[locale]/services/attorney-directory                             9.12 kB         115 kB
apps/web build: ├   ├ /en/services/attorney-directory
apps/web build: ├   ├ /ru/services/attorney-directory
apps/web build: ├   ├ /uk/services/attorney-directory
apps/web build: ├   └ /es/services/attorney-directory
apps/web build: ├ ● /[locale]/services/ead-work-permit                                  164 B         106 kB
apps/web build: ├   ├ /en/services/ead-work-permit
apps/web build: ├   ├ /ru/services/ead-work-permit
apps/web build: ├   ├ /uk/services/ead-work-permit
apps/web build: ├   └ /es/services/ead-work-permit
apps/web build: ├ ● /[locale]/services/ead-work-permit/start                          14.5 kB         117 kB
apps/web build: ├   ├ /en/services/ead-work-permit/start
apps/web build: ├   ├ /ru/services/ead-work-permit/start
apps/web build: ├   ├ /uk/services/ead-work-permit/start
apps/web build: ├   └ /es/services/ead-work-permit/start
apps/web build: ├ ● /[locale]/services/i-94-guide                                       196 B         106 kB
apps/web build: ├   ├ /en/services/i-94-guide
apps/web build: ├   ├ /ru/services/i-94-guide
apps/web build: ├   ├ /uk/services/i-94-guide
apps/web build: ├   └ /es/services/i-94-guide
apps/web build: ├ ● /[locale]/services/re-parole-u4u                                    250 B         102 kB
apps/web build: ├   ├ /en/services/re-parole-u4u
apps/web build: ├   ├ /ru/services/re-parole-u4u
apps/web build: ├   ├ /uk/services/re-parole-u4u
apps/web build: ├   └ /es/services/re-parole-u4u
apps/web build: ├ ● /[locale]/services/re-parole-u4u/checkout/cancel                    250 B         102 kB
apps/web build: ├   ├ /en/services/re-parole-u4u/checkout/cancel
apps/web build: ├   ├ /ru/services/re-parole-u4u/checkout/cancel
apps/web build: ├   ├ /uk/services/re-parole-u4u/checkout/cancel
apps/web build: ├   └ /es/services/re-parole-u4u/checkout/cancel
apps/web build: ├ ● /[locale]/services/re-parole-u4u/checkout/success                   250 B         102 kB
apps/web build: ├   ├ /en/services/re-parole-u4u/checkout/success
apps/web build: ├   ├ /ru/services/re-parole-u4u/checkout/success
apps/web build: ├   ├ /uk/services/re-parole-u4u/checkout/success
apps/web build: ├   └ /es/services/re-parole-u4u/checkout/success
apps/web build: ├ ● /[locale]/services/re-parole-u4u/sources                            250 B         102 kB
apps/web build: ├   ├ /en/services/re-parole-u4u/sources
apps/web build: ├   ├ /ru/services/re-parole-u4u/sources
apps/web build: ├   ├ /uk/services/re-parole-u4u/sources
apps/web build: ├   └ /es/services/re-parole-u4u/sources
apps/web build: ├ ● /[locale]/services/re-parole-u4u/start                              121 B         149 kB
apps/web build: ├   ├ /en/services/re-parole-u4u/start
apps/web build: ├   ├ /ru/services/re-parole-u4u/start
apps/web build: ├   ├ /uk/services/re-parole-u4u/start
apps/web build: ├   └ /es/services/re-parole-u4u/start
apps/web build: ├ ● /[locale]/services/re-parole-u4u/status                             250 B         102 kB
apps/web build: ├   ├ /en/services/re-parole-u4u/status
apps/web build: ├   ├ /ru/services/re-parole-u4u/status
apps/web build: ├   ├ /uk/services/re-parole-u4u/status
apps/web build: ├   └ /es/services/re-parole-u4u/status
apps/web build: ├ ● /[locale]/services/tps-status                                     9.89 kB         115 kB
apps/web build: ├   ├ /en/services/tps-status
apps/web build: ├   ├ /ru/services/tps-status
apps/web build: ├   ├ /uk/services/tps-status
apps/web build: ├   └ /es/services/tps-status
apps/web build: ├ ● /[locale]/services/tps-ukraine                                      196 B         106 kB
apps/web build: ├   ├ /en/services/tps-ukraine
apps/web build: ├   ├ /ru/services/tps-ukraine
apps/web build: ├   ├ /uk/services/tps-ukraine
apps/web build: ├   └ /es/services/tps-ukraine
apps/web build: ├ ● /[locale]/services/tps-ukraine/sources                              196 B         106 kB
apps/web build: ├   ├ /en/services/tps-ukraine/sources
apps/web build: ├   ├ /ru/services/tps-ukraine/sources
apps/web build: ├   ├ /uk/services/tps-ukraine/sources
apps/web build: ├   └ /es/services/tps-ukraine/sources
apps/web build: ├ ● /[locale]/services/tps-ukraine/start                              17.4 kB         119 kB
apps/web build: ├   ├ /en/services/tps-ukraine/start
apps/web build: ├   ├ /ru/services/tps-ukraine/start
apps/web build: ├   ├ /uk/services/tps-ukraine/start
apps/web build: ├   └ /es/services/tps-ukraine/start
apps/web build: ├ ● /[locale]/services/translate-document                               196 B         106 kB
apps/web build: ├   ├ /en/services/translate-document
apps/web build: ├   ├ /ru/services/translate-document
apps/web build: ├   ├ /uk/services/translate-document
apps/web build: ├   └ /es/services/translate-document
apps/web build: ├ ● /[locale]/services/translate-document/checkout/cancel               250 B         102 kB
apps/web build: ├   ├ /en/services/translate-document/checkout/cancel
apps/web build: ├   ├ /ru/services/translate-document/checkout/cancel
apps/web build: ├   ├ /uk/services/translate-document/checkout/cancel
apps/web build: ├   └ /es/services/translate-document/checkout/cancel
apps/web build: ├ ● /[locale]/services/translate-document/checkout/success            20.8 kB         123 kB
apps/web build: ├   ├ /en/services/translate-document/checkout/success
apps/web build: ├   ├ /ru/services/translate-document/checkout/success
apps/web build: ├   ├ /uk/services/translate-document/checkout/success
apps/web build: ├   └ /es/services/translate-document/checkout/success
apps/web build: ├ ● /[locale]/services/translate-document/lab                         13.8 kB         119 kB
apps/web build: ├   ├ /en/services/translate-document/lab
apps/web build: ├   ├ /ru/services/translate-document/lab
apps/web build: ├   ├ /uk/services/translate-document/lab
apps/web build: ├   └ /es/services/translate-document/lab
apps/web build: ├ ƒ /[locale]/services/translate-document/session/[sessionId]/review  10.9 kB         113 kB
apps/web build: ├ ● /[locale]/services/translate-document/start                       17.9 kB         120 kB
apps/web build: ├   ├ /en/services/translate-document/start
apps/web build: ├   ├ /ru/services/translate-document/start
apps/web build: ├   ├ /uk/services/translate-document/start
apps/web build: ├   └ /es/services/translate-document/start
apps/web build: ├ ● /[locale]/services/uscis-case-status                              8.78 kB         114 kB
apps/web build: ├   ├ /en/services/uscis-case-status
apps/web build: ├   ├ /ru/services/uscis-case-status
apps/web build: ├   ├ /uk/services/uscis-case-status
apps/web build: ├   └ /es/services/uscis-case-status
apps/web build: ├ ● /[locale]/terms                                                     196 B         106 kB
apps/web build: ├   ├ /en/terms
apps/web build: ├   ├ /ru/terms
apps/web build: ├   ├ /uk/terms
apps/web build: ├   └ /es/terms
apps/web build: ├ ƒ /admin/manual-review                                                196 B         106 kB
apps/web build: ├ ƒ /admin/manual-review/[id]                                           196 B         106 kB
apps/web build: ├ ƒ /api/admin/manual-review/[ticketId]/transition                      250 B         102 kB
apps/web build: ├ ƒ /api/admin/manual-review/queue                                      250 B         102 kB
apps/web build: ├ ƒ /api/auth/magic-link                                                250 B         102 kB
apps/web build: ├ ƒ /api/cron/cleanup                                                   250 B         102 kB
apps/web build: ├ ƒ /api/health                                                         250 B         102 kB
apps/web build: ├ ƒ /api/mia/chat                                                       250 B         102 kB
apps/web build: ├ ƒ /api/ocr/extract                                                    250 B         102 kB
apps/web build: ├ ƒ /api/ocr/translate                                                  250 B         102 kB
apps/web build: ├ ƒ /api/packet/generate                                                250 B         102 kB
apps/web build: ├ ƒ /api/review                                                         250 B         102 kB
apps/web build: ├ ƒ /api/stripe/checkout                                                250 B         102 kB
apps/web build: ├ ƒ /api/stripe/webhook                                                 250 B         102 kB
apps/web build: ├ ƒ /api/tps/generate-packet                                            250 B         102 kB
apps/web build: ├ ƒ /api/tps/ocr/extract                                                250 B         102 kB
apps/web build: ├ ƒ /api/translation/[sessionId]/confirm-field                          250 B         102 kB
apps/web build: ├ ƒ /api/translation/[sessionId]/correct-field                          250 B         102 kB
apps/web build: ├ ƒ /api/translation/[sessionId]/delete                                 250 B         102 kB
apps/web build: ├ ƒ /api/translation/[sessionId]/extraction-status/[runId]              250 B         102 kB
apps/web build: ├ ƒ /api/translation/[sessionId]/manual-review-status                   250 B         102 kB
apps/web build: ├ ƒ /api/translation/[sessionId]/ocr-from-storage                       250 B         102 kB
apps/web build: ├ ƒ /api/translation/[sessionId]/review-state                           250 B         102 kB
apps/web build: ├ ƒ /api/translation/certify                                            250 B         102 kB
apps/web build: ├ ƒ /api/translation/classify                                           250 B         102 kB
apps/web build: ├ ƒ /api/translation/email                                              250 B         102 kB
apps/web build: ├ ƒ /api/translation/email-capture                                      250 B         102 kB
apps/web build: ├ ƒ /api/translation/extract                                            250 B         102 kB
apps/web build: ├ ƒ /api/translation/generate-pdf                                       250 B         102 kB
apps/web build: ├ ƒ /api/translation/manual-review                                      250 B         102 kB
apps/web build: ├ ƒ /api/translation/process                                            250 B         102 kB
apps/web build: ├ ƒ /api/translation/render                                             250 B         102 kB
apps/web build: ├ ƒ /api/translation/session                                            250 B         102 kB
apps/web build: ├ ƒ /api/translation/upload                                             250 B         102 kB
apps/web build: ├ ƒ /api/wizard/session                                                 250 B         102 kB
apps/web build: ├ ƒ /auth/callback                                                      250 B         102 kB
apps/web build: ├ ○ /delete-confirmed                                                   250 B         102 kB
apps/web build: ├ ○ /icon.svg                                                             0 B            0 B
apps/web build: ├ ○ /manifest.webmanifest                                               250 B         102 kB
apps/web build: ├ ○ /robots.txt                                                         250 B         102 kB
apps/web build: └ ○ /sitemap.xml                                                        250 B         102 kB
apps/web build: + First Load JS shared by all                                          102 kB
apps/web build:   ├ chunks/9620-6275325c1dcaeaca.js                                   45.9 kB
apps/web build:   ├ chunks/ae4de36c-b2a168b1e13f0ae1.js                               54.2 kB
apps/web build:   └ other shared chunks (total)                                       1.92 kB
apps/web build: ƒ Middleware                                                          44.9 kB
apps/web build: ○  (Static)   prerendered as static content
apps/web build: ●  (SSG)      prerendered as static HTML (uses generateStaticParams)
apps/web build: ƒ  (Dynamic)  server-rendered on demand
apps/web build: Done

================================================================
SUMMARY
================================================================
  PASS  pnpm install (repair node_modules)
  PASS  pnpm --filter web typecheck
  PASS  pnpm --filter web run guard:content
  PASS  pnpm --filter web test
  PASS  pnpm build

Total failures: 0
Log file: /Users/sergiikuropiatnyk/work/uscis-helper/.mr-checks.log

ALL CHECKS PASSED.
Next manual step: apply migration + git push origin main
================================================================

Press Cmd-W to close this window.
