================================================================
Push Manual Review Queue v1
Date:    Sun May 10 21:05:13 PDT 2026
PWD:     /Users/sergiikuropiatnyk/work/uscis-helper
HEAD:    641595514532dafb4bc829af64b7472f5cb6517c
Branch:  main
================================================================

>>> commits ahead of origin/main
6415955 SPRINT-OCR D3.A+B: SelfReviewScreen + DocumentUploadScreen components

>>> diff summary
 .../src/components/tps/DocumentUploadScreen.tsx    | 449 +++++++++++++++++++++
 apps/web/src/components/tps/SelfReviewScreen.tsx   | 328 +++++++++++++++
 2 files changed, 777 insertions(+)

================================================================
Pushing to origin/main.
================================================================

>>> git push --force-with-lease origin main
To github.com:2133611700c-sudo/uscis-helper.git
   bc982c1..6415955  main -> main

================================================================
PUSHED. Commit: 641595514532dafb4bc829af64b7472f5cb6517c

Vercel will build and deploy. Tell the agent: 'pushed'.
================================================================

Press Cmd-W to close this window.
